<?xml version="1.0" encoding="UTF-8"?>
<testsuite xmlns:xsi="http://www.w3.org/2001/XMLSchema-instance" xsi:schemaLocation="https://maven.apache.org/surefire/maven-surefire-plugin/xsd/surefire-test-report.xsd" name="TestSuite" time="56.33" tests="6" errors="0" skipped="0" failures="1">
  <properties>
[...]
</properties>
  <testcase name="enterInputFormDetails" classname="com.automation.testcases.InputFormSubmitPageTest" time="4.745"/>
  <testcase name="enterInputFormDetails" classname="com.automation.testcases.InputFormSubmitPageTest" time="4.312"/>
  <testcase name="validatingFieldsData" classname="com.automation.testcases.InputFormSubmitPageTest" time="10.402"/>
  <testcase name="ajaxSubmitPageLaunch" classname="com.automation.testcases.AjaxFormSubmitPageTest" time="0.852"/>
  <testcase name="validatingFieldsData" classname="com.automation.testcases.AjaxFormSubmitPageTest" time="10.081"/>
  <testcase name="submitAjaxForm" classname="com.automation.testcases.AjaxFormSubmitPageTest" time="11.117">
    <failure message="Unable to locate element: //input[@id=&apos;btn-submit&apos; and @value=&apos;submitt&apos;]&#10;For documentation on this error, please visit: http://seleniumhq.org/exceptions/no_such_element.html&#10;Build info: version: &apos;3.4.0&apos;, revision: &apos;unknown&apos;, time: &apos;unknown&apos;&#10;System info: host: &apos;HIBAIL56712&apos;, ip: &apos;192.168.1.19&apos;, os.name: &apos;Windows 7&apos;, os.arch: &apos;amd64&apos;, os.version: &apos;6.1&apos;, java.version: &apos;1.8.0_141&apos;&#10;Driver info: org.openqa.selenium.firefox.FirefoxDriver&#10;Capabilities [{moz:profile=C:\Users\bbanduch\AppData\Local\Temp\rust_mozprofile.utC5Yy0TrIm1, rotatable=false, timeouts={implicit=0.0, pageLoad=300000.0, script=30000.0}, pageLoadStrategy=normal, platform=ANY, specificationLevel=0.0, moz:accessibilityChecks=false, acceptInsecureCerts=false, browserVersion=54.0.1, platformVersion=6.1, moz:processID=1440.0, browserName=firefox, javascriptEnabled=true, platformName=windows_nt}]&#10;Session ID: 7fd56ad2-eec1-45c4-a424-ca1b1a95b264&#10;*** Element info: {Using=xpath, value=//input[@id=&apos;btn-submit&apos; and @value=&apos;submitt&apos;]}" type="org.openqa.selenium.NoSuchElementException">org.openqa.selenium.NoSuchElementException: 
Unable to locate element: //input[@id='btn-submit' and @value='submitt']
For documentation on this error, please visit: http://seleniumhq.org/exceptions/no_such_element.html
Build info: version: '3.4.0', revision: 'unknown', time: 'unknown'
System info: host: 'HIBAIL56712', ip: '192.168.1.19', os.name: 'Windows 7', os.arch: 'amd64', os.version: '6.1', java.version: '1.8.0_141'
Driver info: org.openqa.selenium.firefox.FirefoxDriver
Capabilities [{moz:profile=C:\Users\bbanduch\AppData\Local\Temp\rust_mozprofile.utC5Yy0TrIm1, rotatable=false, timeouts={implicit=0.0, pageLoad=300000.0, script=30000.0}, pageLoadStrategy=normal, platform=ANY, specificationLevel=0.0, moz:accessibilityChecks=false, acceptInsecureCerts=false, browserVersion=54.0.1, platformVersion=6.1, moz:processID=1440.0, browserName=firefox, javascriptEnabled=true, platformName=windows_nt}]
Session ID: 7fd56ad2-eec1-45c4-a424-ca1b1a95b264
*** Element info: {Using=xpath, value=//input[@id='btn-submit' and @value='submitt']}
	at com.automation.testcases.AjaxFormSubmitPageTest.submitAjaxForm(AjaxFormSubmitPageTest.java:68)
</failure>
  </testcase>
</testsuite>